Solid Edge Translation to STEP
Date: Thursday,May 21,2026 12:33AM
Output File: C:\Installations\GitHub Projects\MicroManipulatorStepper\MotorHorn.stp
Author: Unknown
Organization: Unknown
Source System: Solid Edge

Hardware:
Processor: AMD Ryzen 7 7800X3D 8-Core Processor           
Operating System: Windows 10 Professional Version:22H2 Build:19045 System Type:64-bit
Installed Memory: 31.1 GB

Software Information
Parasolid Version: 38.0.150
PSBodyShop Version: 38.0.111
Step Adapter Version: 1700.0.0
Solid Edge Version: 226.00.01.004 x64

STEP Export Options
Export Format: AP214
Export Construction Sheets: Off
Export Construction Solids: Off
Export Construction Wires: Off
Export Displayed Parts Only: Off
Export Units: Millimeters
Export Part Component Names As Unicode: Off
Export PMI: Off

Phase 1 of 1 Translating Parasolid to foreign data types...
Translation process completed
Time required to translate:00 : 00 : 01
