STL translation to Solid Edge
Date: Monday,May 18,2026 12:22AM
Source File:C:\Installations\GitHub Projects\MicroManipulatorStepper\construction\v4_3dprinting_stl\machine\BaseBlock.stl
Author: Unknown
Organization: Unknown
Source System: DEX

Hardware:
Processor: AMD Ryzen 7 7800X3D 8-Core Processor           
Operating System: Windows 10 Professional
Installed Memory: 31.1 GB

Software Information:
Parasolid Version: 38.0.150
PSBodyshop Version: 38.0.111
STL Adapter Version: 1700.0.0
Solid Edge Version: 226.00.01.004 x64

STL Import Options
Heal Mesh Faults:Off
Make Base Feature:On
Enable Logging:On

Translation progress:
Translation process completed
Time required to translate:00 : 00 : 00
